<?xml version="1.0" encoding="UTF-8"?>
<testsuite xmlns:xsi="http://www.w3.org/2001/XMLSchema-instance" xsi:noNamespaceSchemaLocation="https://maven.apache.org/surefire/maven-surefire-plugin/xsd/surefire-test-report-3.0.xsd" version="3.0" name="StepDef.RunnerTestClass" time="73.918" tests="2" errors="0" skipped="0" failures="0">
  <properties>
[...]
</properties>
  <testcase name="User provides email and fills registration form" classname="login into website" time="62.894">
    <system-out><![CDATA[
@Smoke
Scenario Outline: User provides email and fills registration form                                                                                                                     # src/test/resources/Features/loginf.feature:22
Actual Page Title is: My Store
  Given user opens the url                                                                                                                                                            # StepDef.LoginStepDef.user_opens_the_url()
sign in page is opened
  When user tries click on Sign in link                                                                                                                                               # StepDef.LoginStepDef.user_tries_click_on_Sign_in_link()
Login - My Store
  Then user is navigated to sign in page                                                                                                                                              # StepDef.LoginStepDef.user_is_navigated_to_sign_in_page()
  Given user provides "Z6@gmail.com" and clicks on createbutton                                                                                                                       # StepDef.LoginStepDef.clicks_on_Create_Account_button(java.lang.String)
Title of registration page is: Login - My Store
  When user is on registration page                                                                                                                                                   # StepDef.LoginStepDef.user_is_on_registration_page()
  Then user fills "Mr." and "Same" and "Lambe" and "123456&" and "12" and "3" and "1937" and "Bayer" and "4, Santa" and "Alabama" and "1" and "35000" and "1" and "25147" and "samba" # StepDef.LoginStepDef.user_registration(java.lang.String,java.lang.String,java.lang.String,java.lang.String,java.lang.String,java.lang.Integer,java.lang.String,java.lang.String,java.lang.String,java.lang.String,java.lang.Integer,java.lang.Integer,java.lang.Integer,java.lang.Integer,java.lang.String)
  And clicks on register button                                                                                                                                                       # StepDef.LoginStepDef.clicks_on_register_button()
]]></system-out>
    <system-err><![CDATA[Dec 15, 2021 11:24:40 PM io.cucumber.junit.Cucumber <init>
WARNING: By default Cucumber is running in --non-strict mode.
This default will change to --strict and --non-strict will be removed.
You can use --strict or @CucumberOptions(strict = true) to suppress this warning
Starting ChromeDriver 96.0.4664.45 (76e4c1bb2ab4671b8beba3444e61c0f17584b2fc-refs/branch-heads/4664@{#947}) on port 27691
Only local connections are allowed.
Please see https://chromedriver.chromium.org/security-considerations for suggestions on keeping ChromeDriver safe.
ChromeDriver was started successfully.
Dec 15, 2021 11:24:48 PM org.openqa.selenium.remote.ProtocolHandshake createSession
INFO: Detected dialect: W3C
]]></system-err>
  </testcase>
  <testcase name="User account successful" classname="Registration successful" time="10.367">
    <system-out><![CDATA[
@Smoke
Scenario: User account successful # src/test/resources/Features/register.feature:4
clicked on MyAddress link
  Given user is on accounts page  # StepDef.RegisterStepDef.registration_Page()
]]></system-out>
  </testcase>
</testsuite>